c:\users\jyplab\desktop\박창현\new_glut\debug\vc143.pdb
c:\users\jyplab\desktop\박창현\new_glut\debug\vc143.idb
c:\users\jyplab\desktop\박창현\new_glut\debug\serial.obj
c:\users\jyplab\desktop\박창현\new_glut\debug\new_glut.obj
c:\users\jyplab\desktop\git\freeglut_sliderbar_tracking-multitouch\new_glut\debug\vc143.pdb
c:\users\jyplab\desktop\git\freeglut_sliderbar_tracking-multitouch\new_glut\debug\vc143.idb
c:\users\jyplab\desktop\git\freeglut_sliderbar_tracking-multitouch\new_glut\debug\serial.obj
c:\users\jyplab\desktop\git\freeglut_sliderbar_tracking-multitouch\new_glut\debug\new_glut.obj
c:\users\jyplab\desktop\git\freeglut_sliderbar_tracking-multitouch\new_glut\debug\openhaptics.obj
c:\users\jyplab\desktop\박창현\new_glut\debug\new_glut.exe
c:\users\jyplab\desktop\박창현\new_glut\debug\new_glut.ilk
c:\users\jyplab\desktop\박창현\new_glut\debug\new_glut.pdb
c:\users\jyplab\desktop\git\freeglut_sliderbar_tracking-multitouch\new_glut\debug\new_glut.pdb
c:\users\jyplab\desktop\git\freeglut_sliderbar_tracking-multitouch\new_glut\debug\new_glut.tlog\cl.command.1.tlog
c:\users\jyplab\desktop\git\freeglut_sliderbar_tracking-multitouch\new_glut\debug\new_glut.tlog\cl.read.1.tlog
c:\users\jyplab\desktop\git\freeglut_sliderbar_tracking-multitouch\new_glut\debug\new_glut.tlog\cl.write.1.tlog
c:\users\jyplab\desktop\git\freeglut_sliderbar_tracking-multitouch\new_glut\debug\new_glut.tlog\link-cvtres.read.1.tlog
c:\users\jyplab\desktop\git\freeglut_sliderbar_tracking-multitouch\new_glut\debug\new_glut.tlog\link-cvtres.write.1.tlog
c:\users\jyplab\desktop\git\freeglut_sliderbar_tracking-multitouch\new_glut\debug\new_glut.tlog\link-rc.read.1.tlog
c:\users\jyplab\desktop\git\freeglut_sliderbar_tracking-multitouch\new_glut\debug\new_glut.tlog\link-rc.write.1.tlog
c:\users\jyplab\desktop\git\freeglut_sliderbar_tracking-multitouch\new_glut\debug\new_glut.tlog\link.14172-cvtres.read.1.tlog
c:\users\jyplab\desktop\git\freeglut_sliderbar_tracking-multitouch\new_glut\debug\new_glut.tlog\link.14172-cvtres.write.1.tlog
c:\users\jyplab\desktop\git\freeglut_sliderbar_tracking-multitouch\new_glut\debug\new_glut.tlog\link.14172-rc.read.1.tlog
c:\users\jyplab\desktop\git\freeglut_sliderbar_tracking-multitouch\new_glut\debug\new_glut.tlog\link.14172-rc.write.1.tlog
c:\users\jyplab\desktop\git\freeglut_sliderbar_tracking-multitouch\new_glut\debug\new_glut.tlog\link.14172.read.1.tlog
c:\users\jyplab\desktop\git\freeglut_sliderbar_tracking-multitouch\new_glut\debug\new_glut.tlog\link.14172.write.1.tlog
c:\users\jyplab\desktop\git\freeglut_sliderbar_tracking-multitouch\new_glut\debug\new_glut.tlog\link.command.1.tlog
c:\users\jyplab\desktop\git\freeglut_sliderbar_tracking-multitouch\new_glut\debug\new_glut.tlog\link.read.1.tlog
c:\users\jyplab\desktop\git\freeglut_sliderbar_tracking-multitouch\new_glut\debug\new_glut.tlog\link.write.1.tlog
